<?xml version="1.0" encoding="UTF-8"?>
<!-- Generated by org.testng.reporters.JUnitReportReporter -->
<testsuite hostname="obaidulla-2.local" failures="0" tests="1" name="com.dunkin.TestA" time="0.036" errors="0" timestamp="04 Dec 2018 16:35:00 GMT" skipped="0">
  <testcase classname="com.dunkin.TestA" name="loginTest" time="0.036"/>
</testsuite> <!-- com.dunkin.TestA -->
