<?xml version="1.0" encoding="UTF-8"?>
<!-- Generated by org.testng.reporters.JUnitReportReporter -->
<testsuite skipped="0" hostname="shadmans-mbp.lan" name="com.dunkin.shadman.onlineStore.testScripts.TestScreenShot" tests="1" failures="0" timestamp="24 Oct 2018 22:37:11 GMT" time="4.437" errors="0">
  <testcase name="testScreen" time="4.437" classname="com.dunkin.shadman.onlineStore.testScripts.TestScreenShot"/>
</testsuite> <!-- com.dunkin.shadman.onlineStore.testScripts.TestScreenShot -->
