<?xml version="1.0" encoding="UTF-8"?>
<!-- Generated by org.testng.reporters.JUnitReportReporter -->
<testsuite skipped="0" hostname="shadmans-mbp.lan" name="com.dunkin.TestA" tests="1" failures="0" timestamp="24 Oct 2018 22:37:11 GMT" time="0.007" errors="0">
  <testcase name="loginTest" time="0.007" classname="com.dunkin.TestA"/>
</testsuite> <!-- com.dunkin.TestA -->
